<?xml version="1.0" encoding="UTF-8"?>
<robot generator="Robot 3.2.2 (Python 3.8.5 on win32)" generated="20200925 21:29:24.443" rpa="false">
<suite id="s1" name="Cadastro-Usuario" source="C:\Automatizado\projetoSoftPlanRobot\tests\cadastro-usuario.robot">
<test id="s1-t1" name="Cadastro Simplificado">
<kw name="Open Session" library="base" type="setup">
<kw name="Open Browser" library="SeleniumLibrary">
<doc>Opens a new browser instance to the optional ``url``.</doc>
<arguments>
<arg>about:blank</arg>
<arg>chrome</arg>
</arguments>
<msg timestamp="20200925 21:29:24.685" level="INFO">Opening browser 'chrome' to base url 'about:blank'.</msg>
<status status="PASS" starttime="20200925 21:29:24.685" endtime="20200925 21:29:28.551"></status>
</kw>
<status status="PASS" starttime="20200925 21:29:24.684" endtime="20200925 21:29:28.552"></status>
</kw>
<kw name="Dado que acesso a pagina principal" library="kws">
<kw name="Go To" library="SeleniumLibrary">
<doc>Navigates the current browser window to the provided ``url``.</doc>
<arguments>
<arg>${base_url}</arg>
</arguments>
<msg timestamp="20200925 21:29:28.554" level="INFO">Opening url 'https://dazzling-colden-af35e7.netlify.app/#'</msg>
<status status="PASS" starttime="20200925 21:29:28.554" endtime="20200925 21:29:29.567"></status>
</kw>
<status status="PASS" starttime="20200925 21:29:28.553" endtime="20200925 21:29:29.567"></status>
</kw>
<kw name="E Navegue para a pagina de cadastro" library="kws">
<kw name="Wait Until Element Is Visible" library="SeleniumLibrary">
<doc>Waits until the element ``locator`` is visible.</doc>
<arguments>
<arg>${BOTAO_TELA_CADASTRO}</arg>
<arg>5</arg>
</arguments>
<status status="PASS" starttime="20200925 21:29:29.568" endtime="20200925 21:29:29.603"></status>
</kw>
<kw name="Click Element" library="SeleniumLibrary">
<doc>Click the element identified by ``locator``.</doc>
<arguments>
<arg>${BOTAO_TELA_CADASTRO}</arg>
</arguments>
<msg timestamp="20200925 21:29:29.603" level="INFO">Clicking element 'id:cadastrar'.</msg>
<status status="PASS" starttime="20200925 21:29:29.603" endtime="20200925 21:29:29.831"></status>
</kw>
<status status="PASS" starttime="20200925 21:29:29.568" endtime="20200925 21:29:29.831"></status>
</kw>
<kw name="Quando Submeto o email &quot;jascon.g.mendes@gmail.com&quot; e nome &quot;Jacson Gomes Mendes&quot;" library="kws">
<kw name="Input Text" library="SeleniumLibrary">
<doc>Types the given ``text`` into the text field identified by ``locator``.</doc>
<arguments>
<arg>${CAMPO_EMAIL}</arg>
<arg>${email}</arg>
</arguments>
<msg timestamp="20200925 21:29:29.833" level="INFO">Typing text 'jascon.g.mendes@gmail.com' into text field 'id:email'.</msg>
<status status="PASS" starttime="20200925 21:29:29.832" endtime="20200925 21:29:29.976"></status>
</kw>
<kw name="Input Text" library="SeleniumLibrary">
<doc>Types the given ``text`` into the text field identified by ``locator``.</doc>
<arguments>
<arg>${CAMPO_NOME}</arg>
<arg>${nome}</arg>
</arguments>
<msg timestamp="20200925 21:29:29.976" level="INFO">Typing text 'Jacson Gomes Mendes' into text field 'id:nome'.</msg>
<status status="PASS" starttime="20200925 21:29:29.976" endtime="20200925 21:29:30.098"></status>
</kw>
<kw name="Click Element" library="SeleniumLibrary">
<doc>Click the element identified by ``locator``.</doc>
<arguments>
<arg>${CAMPO_CADASTRAR}</arg>
</arguments>
<msg timestamp="20200925 21:29:30.099" level="INFO">Clicking element 'class:btn-success'.</msg>
<status status="PASS" starttime="20200925 21:29:30.099" endtime="20200925 21:29:30.151"></status>
</kw>
<status status="PASS" starttime="20200925 21:29:29.832" endtime="20200925 21:29:30.152"></status>
</kw>
<kw name="Entao devo ver a mensagem &quot;Usuário Cadastrado com Sucesso!&quot;" library="kws">
<kw name="Wait Until Element Contains" library="SeleniumLibrary">
<doc>Waits until the element ``locator`` contains ``text``.</doc>
<arguments>
<arg>${DIV_ALERT}</arg>
<arg>${message_expected}</arg>
</arguments>
<status status="PASS" starttime="20200925 21:29:30.152" endtime="20200925 21:29:30.616"></status>
</kw>
<status status="PASS" starttime="20200925 21:29:30.152" endtime="20200925 21:29:30.616"></status>
</kw>
<kw name="E Navegue para a pagina de lista de usuario" library="kws">
<kw name="Wait Until Element Is Visible" library="SeleniumLibrary">
<doc>Waits until the element ``locator`` is visible.</doc>
<arguments>
<arg>${BOTAO_TELA_LISTAR}</arg>
<arg>5</arg>
</arguments>
<status status="PASS" starttime="20200925 21:29:30.617" endtime="20200925 21:29:30.642"></status>
</kw>
<kw name="Click Element" library="SeleniumLibrary">
<doc>Click the element identified by ``locator``.</doc>
<arguments>
<arg>${BOTAO_TELA_LISTAR}</arg>
</arguments>
<msg timestamp="20200925 21:29:30.642" level="INFO">Clicking element 'id:listar'.</msg>
<status status="PASS" starttime="20200925 21:29:30.642" endtime="20200925 21:29:30.694"></status>
</kw>
<status status="PASS" starttime="20200925 21:29:30.617" endtime="20200925 21:29:30.694"></status>
</kw>
<kw name="Entao devo ver o email &quot;jascon.g.mendes@gmail.com&quot; e nome &quot;Jacson Gomes Mendes&quot; na lista" library="kws">
<kw name="Wait Until Element Contains" library="SeleniumLibrary">
<doc>Waits until the element ``locator`` contains ``text``.</doc>
<arguments>
<arg>${DIV_ALERT_LISTA}</arg>
<arg>${email}</arg>
</arguments>
<status status="PASS" starttime="20200925 21:29:30.696" endtime="20200925 21:29:30.947"></status>
</kw>
<kw name="Wait Until Element Contains" library="SeleniumLibrary">
<doc>Waits until the element ``locator`` contains ``text``.</doc>
<arguments>
<arg>${DIV_ALERT_LISTA}</arg>
<arg>${nome}</arg>
</arguments>
<status status="PASS" starttime="20200925 21:29:30.948" endtime="20200925 21:29:30.973"></status>
</kw>
<status status="PASS" starttime="20200925 21:29:30.695" endtime="20200925 21:29:30.974"></status>
</kw>
<kw name="Close Session" library="base" type="teardown">
<kw name="Close Browser" library="SeleniumLibrary">
<doc>Closes the current browser.</doc>
<status status="PASS" starttime="20200925 21:29:30.975" endtime="20200925 21:29:33.183"></status>
</kw>
<status status="PASS" starttime="20200925 21:29:30.975" endtime="20200925 21:29:33.184"></status>
</kw>
<status status="PASS" starttime="20200925 21:29:24.683" endtime="20200925 21:29:33.185" critical="yes"></status>
</test>
<doc>Suite dos testes de cadastos</doc>
<status status="PASS" starttime="20200925 21:29:24.446" endtime="20200925 21:29:33.187"></status>
</suite>
<statistics>
<total>
<stat pass="1" fail="0">Critical Tests</stat>
<stat pass="1" fail="0">All Tests</stat>
</total>
<tag>
</tag>
<suite>
<stat pass="1" fail="0" id="s1" name="Cadastro-Usuario">Cadastro-Usuario</stat>
</suite>
</statistics>
<errors>
</errors>
</robot>
